app/build/intermediates/manifest_merge_blame_file/debug/manifest-merger-blame-debug-report.txt
1<?xml version="1.0" encoding="utf-8"?>
2<manifest xmlns:android="http://schemas.android.com/apk/res/android"
3    package="com.example.jobbkalender"
4    android:versionCode="1"
5    android:versionName="1.0" >
6
7    <uses-sdk
8        android:minSdkVersion="26"
8-->src\main\AndroidManifest.xml
9        android:targetSdkVersion="29" />
9-->src\main\AndroidManifest.xml
10
11    <uses-permission android:name="android.permission.WRITE_EXTERNAL_STORAGE" />
11-->src\main\AndroidManifest.xml:5:5-81
11-->src\main\AndroidManifest.xml:5:22-78
12
13    <application
13-->src\main\AndroidManifest.xml:7:5-28:19
14        android:allowBackup="true"
14-->src\main\AndroidManifest.xml:8:9-35
15        android:appComponentFactory="androidx.core.app.CoreComponentFactory"
15-->[androidx.core:core:1.0.1] AndroidManifest.xml:22:18-86
16        android:debuggable="true"
17        android:icon="@mipmap/ic_launcher"
17-->src\main\AndroidManifest.xml:9:9-43
18        android:label="@string/app_name"
18-->src\main\AndroidManifest.xml:10:9-41
19        android:roundIcon="@mipmap/ic_launcher_round"
19-->src\main\AndroidManifest.xml:11:9-54
20        android:supportsRtl="true"
20-->src\main\AndroidManifest.xml:12:9-35
21        android:testOnly="true"
22        android:theme="@style/AppTheme" >
22-->src\main\AndroidManifest.xml:13:9-40
23        <activity android:name="com.example.jobbkalender.EditJobActivity" />
23-->src\main\AndroidManifest.xml:14:9-62
23-->src\main\AndroidManifest.xml:14:19-50
24        <activity android:name="com.example.jobbkalender.ViewEvent" />
24-->src\main\AndroidManifest.xml:15:9-47
24-->src\main\AndroidManifest.xml:15:19-44
25        <activity android:name="com.example.jobbkalender.CreateSalaryRuleActivity" />
25-->src\main\AndroidManifest.xml:16:9-62
25-->src\main\AndroidManifest.xml:16:19-59
26        <activity android:name="com.example.jobbkalender.CreateJobActivity" />
26-->src\main\AndroidManifest.xml:17:9-55
26-->src\main\AndroidManifest.xml:17:19-52
27        <activity android:name="com.example.jobbkalender.CreateEvent" />
27-->src\main\AndroidManifest.xml:18:9-49
27-->src\main\AndroidManifest.xml:18:19-46
28        <activity
28-->src\main\AndroidManifest.xml:19:9-27:20
29            android:name="com.example.jobbkalender.MainActivity"
29-->src\main\AndroidManifest.xml:20:13-41
30            android:label="@string/app_name" >
30-->src\main\AndroidManifest.xml:21:13-45
31            <intent-filter>
31-->src\main\AndroidManifest.xml:22:13-26:29
32                <action android:name="android.intent.action.MAIN" />
32-->src\main\AndroidManifest.xml:23:17-69
32-->src\main\AndroidManifest.xml:23:25-66
33
34                <category android:name="android.intent.category.LAUNCHER" />
34-->src\main\AndroidManifest.xml:25:17-77
34-->src\main\AndroidManifest.xml:25:27-74
35            </intent-filter>
36        </activity>
37
38        <provider
38-->[androidx.lifecycle:lifecycle-process:2.0.0] AndroidManifest.xml:23:9-27:43
39            android:name="androidx.lifecycle.ProcessLifecycleOwnerInitializer"
39-->[androidx.lifecycle:lifecycle-process:2.0.0] AndroidManifest.xml:24:13-79
40            android:authorities="com.example.jobbkalender.lifecycle-process"
40-->[androidx.lifecycle:lifecycle-process:2.0.0] AndroidManifest.xml:25:13-69
41            android:exported="false"
41-->[androidx.lifecycle:lifecycle-process:2.0.0] AndroidManifest.xml:26:13-37
42            android:multiprocess="true" />
42-->[androidx.lifecycle:lifecycle-process:2.0.0] AndroidManifest.xml:27:13-40
43    </application>
44
45</manifest>